Using pre-set license
Built from '2020.3/staging' branch; Version is '2020.3.32f1 (12f8b0834f07) revision 1243312'; Using compiler version '192528614'; Build Type 'Release'
OS: 'Windows 10  (10.0.19043) 64bit Core' Language: 'en' Physical Memory: 6099 MB
BatchMode: 1, IsHumanControllingUs: 0, StartBugReporterOnCrash: 0, Is64bit: 1, IsPro: 0

COMMAND LINE ARGUMENTS:
C:\2020.3.32f1\Editor\Unity.exe
-adb2
-batchMode
-noUpm
-name
AssetImportWorker1
-projectPath
C:/Users/Dean/Desktop/seb's stuff/github/supergamer/My project
-logFile
Logs/AssetImportWorker1.log
-srvPort
51169
Successfully changed project path to: C:/Users/Dean/Desktop/seb's stuff/github/supergamer/My project
C:/Users/Dean/Desktop/seb's stuff/github/supergamer/My project
Using Asset Import Pipeline V2.
Refreshing native plugins compatible for Editor in 56.47 ms, found 2 plugins.
Preloading 0 native plugins for Editor in 0.00 ms.
Initialize engine version: 2020.3.32f1 (12f8b0834f07)
[Subsystems] Discovering subsystems at path C:/2020.3.32f1/Editor/Data/Resources/UnitySubsystems
[Subsystems] Discovering subsystems at path C:/Users/Dean/Desktop/seb's stuff/github/supergamer/My project/Assets
GfxDevice: creating device client; threaded=0
Direct3D:
    Version:  Direct3D 11.0 [level 11.0]
    Renderer: AMD Radeon HD 5450 (ID=0x68f9)
    Vendor:   
    VRAM:     1012 MB
    Driver:   15.301.1901.0
Initialize mono
Mono path[0] = 'C:/2020.3.32f1/Editor/Data/Managed'
Mono path[1] = 'C:/2020.3.32f1/Editor/Data/MonoBleedingEdge/lib/mono/unityjit'
Mono config path = 'C:/2020.3.32f1/Editor/Data/MonoBleedingEdge/etc'
Using monoOptions --debugger-agent=transport=dt_socket,embedding=1,server=y,suspend=n,address=127.0.0.1:56316
Begin MonoManager ReloadAssembly
Registering precompiled unity dll's ...
Register platform support module: C:/2020.3.32f1/Editor/Data/PlaybackEngines/WindowsStandaloneSupport/UnityEditor.WindowsStandalone.Extensions.dll
Registered in 0.006405 seconds.
Native extension for WindowsStandalone target not found
Refreshing native plugins compatible for Editor in 48.88 ms, found 2 plugins.
Preloading 0 native plugins for Editor in 0.00 ms.
Mono: successfully reloaded assembly
- Completed reload, in  1.030 seconds
Domain Reload Profiling:
	ReloadAssembly (1031ms)
		BeginReloadAssembly (176ms)
			ExecutionOrderSort (0ms)
			DisableScriptedObjects (0ms)
			BackupInstance (0ms)
			ReleaseScriptingObjects (0ms)
			CreateAndSetChildDomain (1ms)
		EndReloadAssembly (718ms)
			LoadAssemblies (165ms)
			RebuildTransferFunctionScriptingTraits (0ms)
			SetupTypeCache (232ms)
			ReleaseScriptCaches (0ms)
			RebuildScriptCaches (45ms)
			SetupLoadedEditorAssemblies (241ms)
				LogAssemblyErrors (0ms)
				InitializePlatformSupportModulesInManaged (5ms)
				SetLoadedEditorAssemblies (0ms)
				RefreshPlugins (49ms)
				BeforeProcessingInitializeOnLoad (29ms)
				ProcessInitializeOnLoadAttributes (117ms)
				ProcessInitializeOnLoadMethodAttributes (40ms)
				AfterProcessingInitializeOnLoad (0ms)
				EditorAssembliesLoaded (0ms)
			ExecutionOrderSort2 (0ms)
			AwakeInstancesAfterBackupRestoration (0ms)
Platform modules already initialized, skipping
Registering precompiled user dll's ...
Registered in 0.049177 seconds.
Begin MonoManager ReloadAssembly
Native extension for WindowsStandalone target not found
Refreshing native plugins compatible for Editor in 0.41 ms, found 2 plugins.
Preloading 0 native plugins for Editor in 0.00 ms.
Mono: successfully reloaded assembly
- Completed reload, in  3.270 seconds
Domain Reload Profiling:
	ReloadAssembly (3276ms)
		BeginReloadAssembly (1124ms)
			ExecutionOrderSort (0ms)
			DisableScriptedObjects (7ms)
			BackupInstance (0ms)
			ReleaseScriptingObjects (0ms)
			CreateAndSetChildDomain (27ms)
		EndReloadAssembly (2010ms)
			LoadAssemblies (1512ms)
			RebuildTransferFunctionScriptingTraits (0ms)
			SetupTypeCache (438ms)
			ReleaseScriptCaches (0ms)
			RebuildScriptCaches (64ms)
			SetupLoadedEditorAssemblies (714ms)
				LogAssemblyErrors (0ms)
				InitializePlatformSupportModulesInManaged (7ms)
				SetLoadedEditorAssemblies (1ms)
				RefreshPlugins (1ms)
				BeforeProcessingInitializeOnLoad (182ms)
				ProcessInitializeOnLoadAttributes (338ms)
				ProcessInitializeOnLoadMethodAttributes (155ms)
				AfterProcessingInitializeOnLoad (30ms)
				EditorAssembliesLoaded (0ms)
			ExecutionOrderSort2 (0ms)
			AwakeInstancesAfterBackupRestoration (31ms)
Platform modules already initialized, skipping
========================================================================
Worker process is ready to serve import requests
Launched and connected shader compiler UnityShaderCompiler.exe after 0.90 seconds
Refreshing native plugins compatible for Editor in 0.43 ms, found 2 plugins.
Preloading 0 native plugins for Editor in 0.00 ms.
Unloading 1551 Unused Serialized files (Serialized files now loaded: 0)
System memory in use before: 78.0 MB.
System memory in use after: 78.0 MB.

Unloading 16 unused Assets to reduce memory usage. Loaded Objects now: 1989.
Total: 3.910900 ms (FindLiveObjects: 0.173700 ms CreateObjectMapping: 0.086200 ms MarkObjects: 3.529000 ms  DeleteObjects: 0.120600 ms)

AssetImportParameters requested are different than current active one (requested -> active):
  custom:framework-win-MediaFoundation: 216162199b28c13a410421893ffa2e32 -> 
  custom:video-decoder-ogg-theora: a1e56fd34408186e4bbccfd4996cb3dc -> 
  custom:container-muxer-webm: aa71ff27fc2769a1b78a27578f13a17b -> 
  custom:container-demuxer-webm: 4f35f7cbe854078d1ac9338744f61a02 -> 
  custom:container-demuxer-ogg: 62fdf1f143b41e24485cea50d1cbac27 -> 
  custom:video-encoder-webm-vp8: eb34c28f22e8b96e1ab97ce403110664 -> 
  custom:video-decoder-webm-vp8: 9c59270c3fd7afecdb556c50c9e8de78 -> 
  custom:audio-decoder-ogg-vorbis: bf7c407c2cedff20999df2af8eb42d56 -> 
  custom:audio-encoder-webm-vorbis: bf7c407c2cedff20999df2af8eb42d56 -> 
========================================================================
Received Import Request.
  path: Assets/Scenes/SampleScene.unity
  artifactKey: Guid(9fc0d4010bbf28b4594072e72b8655ab) Importer(815301076,1909f56bfc062723c751e8b465ee728b)
Start importing Assets/Scenes/SampleScene.unity using Guid(9fc0d4010bbf28b4594072e72b8655ab) Importer(815301076,1909f56bfc062723c751e8b465ee728b)  -> (artifact id: '88e8c318b03696abed3f7598d748dc3c') in 0.046006 seconds 
========================================================================
Received Prepare
Registering precompiled user dll's ...
Registered in 0.012937 seconds.
Begin MonoManager ReloadAssembly
Native extension for WindowsStandalone target not found
Refreshing native plugins compatible for Editor in 0.49 ms, found 2 plugins.
Preloading 0 native plugins for Editor in 0.00 ms.
Mono: successfully reloaded assembly
- Completed reload, in  1.524 seconds
Domain Reload Profiling:
	ReloadAssembly (1525ms)
		BeginReloadAssembly (213ms)
			ExecutionOrderSort (0ms)
			DisableScriptedObjects (6ms)
			BackupInstance (0ms)
			ReleaseScriptingObjects (0ms)
			CreateAndSetChildDomain (40ms)
		EndReloadAssembly (1193ms)
			LoadAssemblies (192ms)
			RebuildTransferFunctionScriptingTraits (0ms)
			SetupTypeCache (375ms)
			ReleaseScriptCaches (1ms)
			RebuildScriptCaches (55ms)
			SetupLoadedEditorAssemblies (467ms)
				LogAssemblyErrors (0ms)
				InitializePlatformSupportModulesInManaged (7ms)
				SetLoadedEditorAssemblies (1ms)
				RefreshPlugins (1ms)
				BeforeProcessingInitializeOnLoad (163ms)
				ProcessInitializeOnLoadAttributes (251ms)
				ProcessInitializeOnLoadMethodAttributes (15ms)
				AfterProcessingInitializeOnLoad (29ms)
				EditorAssembliesLoaded (0ms)
			ExecutionOrderSort2 (0ms)
			AwakeInstancesAfterBackupRestoration (11ms)
Platform modules already initialized, skipping
Refreshing native plugins compatible for Editor in 0.42 ms, found 2 plugins.
Preloading 0 native plugins for Editor in 0.00 ms.
Unloading 1519 Unused Serialized files (Serialized files now loaded: 0)
System memory in use before: 75.1 MB.
System memory in use after: 75.3 MB.

Unloading 11 unused Assets to reduce memory usage. Loaded Objects now: 1992.
Total: 3.436000 ms (FindLiveObjects: 0.142600 ms CreateObjectMapping: 0.070600 ms MarkObjects: 3.176500 ms  DeleteObjects: 0.044600 ms)

AssetImportParameters requested are different than current active one (requested -> active):
  custom:framework-win-MediaFoundation: 216162199b28c13a410421893ffa2e32 -> 
  custom:video-decoder-ogg-theora: a1e56fd34408186e4bbccfd4996cb3dc -> 
  custom:container-muxer-webm: aa71ff27fc2769a1b78a27578f13a17b -> 
  custom:container-demuxer-webm: 4f35f7cbe854078d1ac9338744f61a02 -> 
  custom:container-demuxer-ogg: 62fdf1f143b41e24485cea50d1cbac27 -> 
  custom:video-encoder-webm-vp8: eb34c28f22e8b96e1ab97ce403110664 -> 
  custom:video-decoder-webm-vp8: 9c59270c3fd7afecdb556c50c9e8de78 -> 
  custom:audio-decoder-ogg-vorbis: bf7c407c2cedff20999df2af8eb42d56 -> 
  custom:audio-encoder-webm-vorbis: bf7c407c2cedff20999df2af8eb42d56 -> 
========================================================================
Received Import Request.
  Time since last request: 1324.713871 seconds.
  path: Assets/Materials
  artifactKey: Guid(458d30b8a55de694abf7099327717be8) Importer(815301076,1909f56bfc062723c751e8b465ee728b)
Start importing Assets/Materials using Guid(458d30b8a55de694abf7099327717be8) Importer(815301076,1909f56bfc062723c751e8b465ee728b)  -> (artifact id: 'a10ab731e90e4157bd346cc156f792c2') in 0.156379 seconds 
========================================================================
Received Import Request.
  Time since last request: 0.000566 seconds.
  path: Assets/Materials/building.mat
  artifactKey: Guid(339c8fc516e2e2b47884795d34c185c8) Importer(815301076,1909f56bfc062723c751e8b465ee728b)
Start importing Assets/Materials/building.mat using Guid(339c8fc516e2e2b47884795d34c185c8) Importer(815301076,1909f56bfc062723c751e8b465ee728b)  -> (artifact id: 'c69df27c964943cda35bf6c2446d4bfd') in 1.177574 seconds 
========================================================================
Received Import Request.
  Time since last request: 0.000476 seconds.
  path: Assets/Materials/human.mat
  artifactKey: Guid(ec453abd320cfe542a97b60ae8758f8c) Importer(815301076,1909f56bfc062723c751e8b465ee728b)
Start importing Assets/Materials/human.mat using Guid(ec453abd320cfe542a97b60ae8758f8c) Importer(815301076,1909f56bfc062723c751e8b465ee728b)  -> (artifact id: 'dc018a24961b79b71b1f173fa046d304') in 0.235709 seconds 
========================================================================
Received Import Request.
  Time since last request: 8.207213 seconds.
  path: Assets/walls.mat
  artifactKey: Guid(92552d0ad0c334548b6bd95a46e5a668) Importer(815301076,1909f56bfc062723c751e8b465ee728b)
Start importing Assets/walls.mat using Guid(92552d0ad0c334548b6bd95a46e5a668) Importer(815301076,1909f56bfc062723c751e8b465ee728b)  -> (artifact id: '9b0e1f3540a26c5162168b795c78bb87') in 0.167217 seconds 
========================================================================
Received Import Request.
  Time since last request: 196.267660 seconds.
  path: Assets/walls.mat
  artifactKey: Guid(92552d0ad0c334548b6bd95a46e5a668) Importer(815301076,1909f56bfc062723c751e8b465ee728b)
Start importing Assets/walls.mat using Guid(92552d0ad0c334548b6bd95a46e5a668) Importer(815301076,1909f56bfc062723c751e8b465ee728b)  -> (artifact id: '092fe2d78a87c048d9c41a2e8442d21d') in 0.072132 seconds 
========================================================================
Received Import Request.
  Time since last request: 28.492515 seconds.
  path: Assets/prefab
  artifactKey: Guid(2a85aa8557ad406469fb6f6dccbcc55f) Importer(815301076,1909f56bfc062723c751e8b465ee728b)
Start importing Assets/prefab using Guid(2a85aa8557ad406469fb6f6dccbcc55f) Importer(815301076,1909f56bfc062723c751e8b465ee728b)  -> (artifact id: '6e93fecd5039e535965e4b890e6bf37e') in 0.048691 seconds 
========================================================================
Received Import Request.
  Time since last request: 20.331472 seconds.
  path: Assets/prefab/platform 1.prefab
  artifactKey: Guid(a086ef6c4b01b764283f23ebc6ecb1dc) Importer(815301076,1909f56bfc062723c751e8b465ee728b)
Start importing Assets/prefab/platform 1.prefab using Guid(a086ef6c4b01b764283f23ebc6ecb1dc) Importer(815301076,1909f56bfc062723c751e8b465ee728b)  -> (artifact id: '7b1edccfea9543088b4a8013c723e36d') in 0.161118 seconds 
========================================================================
Received Import Request.
  Time since last request: 6.914517 seconds.
  path: Assets/prefab/platform 1 (15).prefab
  artifactKey: Guid(a23d0bc07c5f866438c1de092b59e65a) Importer(815301076,1909f56bfc062723c751e8b465ee728b)
Start importing Assets/prefab/platform 1 (15).prefab using Guid(a23d0bc07c5f866438c1de092b59e65a) Importer(815301076,1909f56bfc062723c751e8b465ee728b)  -> (artifact id: '08d77ad6fa6b0379b2f66ca70b998095') in 0.106970 seconds 
========================================================================
Received Import Request.
  Time since last request: 6.574700 seconds.
  path: Assets/prefab/smaller platform.prefab
  artifactKey: Guid(a23d0bc07c5f866438c1de092b59e65a) Importer(815301076,1909f56bfc062723c751e8b465ee728b)
Start importing Assets/prefab/smaller platform.prefab using Guid(a23d0bc07c5f866438c1de092b59e65a) Importer(815301076,1909f56bfc062723c751e8b465ee728b)  -> (artifact id: 'c25c99145cc5461c49fdb82413bf6fdc') in 0.081816 seconds 
========================================================================
Received Import Request.
  Time since last request: 6.893172 seconds.
  path: Assets/prefab/normal platform.prefab
  artifactKey: Guid(a086ef6c4b01b764283f23ebc6ecb1dc) Importer(815301076,1909f56bfc062723c751e8b465ee728b)
Start importing Assets/prefab/normal platform.prefab using Guid(a086ef6c4b01b764283f23ebc6ecb1dc) Importer(815301076,1909f56bfc062723c751e8b465ee728b)  -> (artifact id: '5297f9117bfd4beb12606dab812a2a11') in 0.106750 seconds 
========================================================================
Received Import Request.
  Time since last request: 14.459325 seconds.
  path: Assets/prefab/Cube.prefab
  artifactKey: Guid(ac8d2f9b3c7d38c41995cb1c5c3dbc3d) Importer(815301076,1909f56bfc062723c751e8b465ee728b)
Start importing Assets/prefab/Cube.prefab using Guid(ac8d2f9b3c7d38c41995cb1c5c3dbc3d) Importer(815301076,1909f56bfc062723c751e8b465ee728b)  -> (artifact id: '6bbdf3f7395230a147732427fa6f9ca1') in 0.115558 seconds 
========================================================================
Received Import Request.
  Time since last request: 13.095472 seconds.
  path: Assets/prefab/rungin on wall.prefab
  artifactKey: Guid(ac8d2f9b3c7d38c41995cb1c5c3dbc3d) Importer(815301076,1909f56bfc062723c751e8b465ee728b)
Start importing Assets/prefab/rungin on wall.prefab using Guid(ac8d2f9b3c7d38c41995cb1c5c3dbc3d) Importer(815301076,1909f56bfc062723c751e8b465ee728b)  -> (artifact id: 'fa24459237dd8bdc8b61b154ff1832d4') in 0.097021 seconds 
========================================================================
Received Prepare
Registering precompiled user dll's ...
Registered in 0.030570 seconds.
Begin MonoManager ReloadAssembly
Native extension for WindowsStandalone target not found
Refreshing native plugins compatible for Editor in 0.77 ms, found 2 plugins.
Preloading 0 native plugins for Editor in 0.00 ms.
Mono: successfully reloaded assembly
- Completed reload, in  2.163 seconds
Domain Reload Profiling:
	ReloadAssembly (2166ms)
		BeginReloadAssembly (426ms)
			ExecutionOrderSort (0ms)
			DisableScriptedObjects (10ms)
			BackupInstance (0ms)
			ReleaseScriptingObjects (0ms)
			CreateAndSetChildDomain (99ms)
		EndReloadAssembly (1602ms)
			LoadAssemblies (353ms)
			RebuildTransferFunctionScriptingTraits (0ms)
			SetupTypeCache (596ms)
			ReleaseScriptCaches (1ms)
			RebuildScriptCaches (80ms)
			SetupLoadedEditorAssemblies (581ms)
				LogAssemblyErrors (0ms)
				InitializePlatformSupportModulesInManaged (10ms)
				SetLoadedEditorAssemblies (1ms)
				RefreshPlugins (1ms)
				BeforeProcessingInitializeOnLoad (169ms)
				ProcessInitializeOnLoadAttributes (291ms)
				ProcessInitializeOnLoadMethodAttributes (13ms)
				AfterProcessingInitializeOnLoad (95ms)
				EditorAssembliesLoaded (0ms)
			ExecutionOrderSort2 (0ms)
			AwakeInstancesAfterBackupRestoration (13ms)
Platform modules already initialized, skipping
Refreshing native plugins compatible for Editor in 0.81 ms, found 2 plugins.
Preloading 0 native plugins for Editor in 0.00 ms.
Unloading 1519 Unused Serialized files (Serialized files now loaded: 0)
System memory in use before: 78.5 MB.
System memory in use after: 78.6 MB.

Unloading 11 unused Assets to reduce memory usage. Loaded Objects now: 2036.
Total: 6.003200 ms (FindLiveObjects: 0.152700 ms CreateObjectMapping: 0.066700 ms MarkObjects: 5.628700 ms  DeleteObjects: 0.153300 ms)

AssetImportParameters requested are different than current active one (requested -> active):
  custom:framework-win-MediaFoundation: 216162199b28c13a410421893ffa2e32 -> 
  custom:video-decoder-ogg-theora: a1e56fd34408186e4bbccfd4996cb3dc -> 
  custom:container-muxer-webm: aa71ff27fc2769a1b78a27578f13a17b -> 
  custom:container-demuxer-webm: 4f35f7cbe854078d1ac9338744f61a02 -> 
  custom:container-demuxer-ogg: 62fdf1f143b41e24485cea50d1cbac27 -> 
  custom:video-encoder-webm-vp8: eb34c28f22e8b96e1ab97ce403110664 -> 
  custom:video-decoder-webm-vp8: 9c59270c3fd7afecdb556c50c9e8de78 -> 
  custom:audio-decoder-ogg-vorbis: bf7c407c2cedff20999df2af8eb42d56 -> 
  custom:audio-encoder-webm-vorbis: bf7c407c2cedff20999df2af8eb42d56 -> 
========================================================================
Received Import Request.
  Time since last request: 455.877698 seconds.
  path: Assets/impoterd stuff/Materials/Emissive 1.mat
  artifactKey: Guid(5b9350d6e9bb19545a885f07b031df6f) Importer(815301076,1909f56bfc062723c751e8b465ee728b)
Start importing Assets/impoterd stuff/Materials/Emissive 1.mat using Guid(5b9350d6e9bb19545a885f07b031df6f) Importer(815301076,1909f56bfc062723c751e8b465ee728b)  -> (artifact id: '9557a419bf535289ea7880afb7416dc4') in 1.241765 seconds 
========================================================================
Received Import Request.
  Time since last request: 0.000449 seconds.
  path: Assets/impoterd stuff/Materials/Emissive.mat
  artifactKey: Guid(9170474d2121df240b222384283ea91c) Importer(815301076,1909f56bfc062723c751e8b465ee728b)
Start importing Assets/impoterd stuff/Materials/Emissive.mat using Guid(9170474d2121df240b222384283ea91c) Importer(815301076,1909f56bfc062723c751e8b465ee728b)  -> (artifact id: '878bc297b695be03c13f2a8f201bb971') in 0.112807 seconds 
========================================================================
Received Import Request.
  Time since last request: 10.983432 seconds.
  path: Assets/Scenes/menu scene.unity
  artifactKey: Guid(f7a297b6444c27b428a3e24588592dab) Importer(815301076,1909f56bfc062723c751e8b465ee728b)
Start importing Assets/Scenes/menu scene.unity using Guid(f7a297b6444c27b428a3e24588592dab) Importer(815301076,1909f56bfc062723c751e8b465ee728b)  -> (artifact id: '6bcf294bd37371e13b8704d3e588234c') in 0.099256 seconds 
AssetImportWorkerClient::OnTransportError - code=2 error=End of file
